<?xml version="1.0" encoding="UTF-8"?>
<!-- Generated by org.testng.reporters.JUnitReportReporter -->
<testsuite skipped="0" hostname="Nitins-MacBook-Air.local" name="tests.SecondTestCase" tests="3" failures="0" timestamp="21 Jun 2021 19:47:08 GMT" time="0.034" errors="0">
  <testcase name="firstTest" time="0.033" classname="tests.SecondTestCase"/>
  <testcase name="thirdTest" time="0.001" classname="tests.SecondTestCase"/>
  <testcase name="secondTest" time="0.000" classname="tests.SecondTestCase"/>
</testsuite> <!-- tests.SecondTestCase -->
