<?xml version="1.0" encoding="UTF-8"?>
<!-- Generated by org.testng.reporters.JUnitReportReporter -->
<testsuite skipped="0" hostname="Nitins-MacBook-Air.local" name="tests.ThirdTestCase" tests="3" failures="0" timestamp="21 Jun 2021 19:47:08 GMT" time="0.003" errors="0">
  <testcase name="fourTest" time="0.001" classname="tests.ThirdTestCase"/>
  <testcase name="fiveTest" time="0.001" classname="tests.ThirdTestCase"/>
  <testcase name="sixTest" time="0.001" classname="tests.ThirdTestCase"/>
</testsuite> <!-- tests.ThirdTestCase -->
